<?xml version="1.0" encoding="UTF-8" ?>
<testsuites disabled="0" errors="0" failures="0" tests="4" time="32.221">
 <testsuite name="Login Page Tests." timestamp="2018-12-10T11:22:49" hostname="localhost" time="32.221" errors="0" tests="4" skipped="1" disabled="0" failures="0">
  <testcase classname="Login Page Tests." name="Validates login page content." time="0.002">
   <skipped message="Temporarily disabled with xit" />
  </testcase>
  <testcase classname="Login Page Tests." name="Validates invalid CPFs" time="10.738" />
  <testcase classname="Login Page Tests." name="Validates unauthorized access attempt" time="5.992" />
  <testcase classname="Login Page Tests." name="Validates login success" time="15.483" />
 </testsuite>
</testsuites>